02-Nov-2019 17:01:50.980 ADVERTENCIA [main] org.apache.tomcat.util.digester.SetPropertiesRule.begin Match [Server/Service/Engine/Realm] failed to set property [userClassName] to [PlainUserPrincipal]
02-Nov-2019 17:01:51.006 ADVERTENCIA [main] org.apache.tomcat.util.digester.SetPropertiesRule.begin Match [Server/Service/Engine/Realm] failed to set property [roleClassName] to [PlainRolePrincipal]
02-Nov-2019 17:01:51.164 INFORMACIÓN [main] org.apache.catalina.startup.VersionLoggerListener.log Nombre de la versión del servidor:   Apache Tomcat/9.0.17

02-Nov-2019 17:01:51.171 INFORMACIÓN [main] org.apache.catalina.startup.VersionLoggerListener.log Server built:          Mar 13 2019 15:55:27 UTC
02-Nov-2019 17:01:51.171 INFORMACIÓN [main] org.apache.catalina.startup.VersionLoggerListener.log Número de versión de servidor:         9.0.17.0
02-Nov-2019 17:01:51.172 INFORMACIÓN [main] org.apache.catalina.startup.VersionLoggerListener.log OS Name:               Linux
02-Nov-2019 17:01:51.173 INFORMACIÓN [main] org.apache.catalina.startup.VersionLoggerListener.log Versión de Systema Operativo:      4.9.0-8-amd64

02-Nov-2019 17:01:51.174 INFORMACIÓN [main] org.apache.catalina.startup.VersionLoggerListener.log Arquitectura:          amd64

02-Nov-2019 17:01:51.174 INFORMACIÓN [main] org.apache.catalina.startup.VersionLoggerListener.log Java Home:             /usr/lib/jvm/java-8-openjdk-amd64/jre
02-Nov-2019 17:01:51.174 INFORMACIÓN [main] org.apache.catalina.startup.VersionLoggerListener.log JVM Version:           1.8.0_222-8u222-b10-1~deb9u1-b10
02-Nov-2019 17:01:51.175 INFORMACIÓN [main] org.apache.catalina.startup.VersionLoggerListener.log Vededor JVM:     Oracle Corporation
02-Nov-2019 17:01:51.175 INFORMACIÓN [main] org.apache.catalina.startup.VersionLoggerListener.log CATALINA_BASE:         /opt/apache-tomcat-9.0.17
02-Nov-2019 17:01:51.176 INFORMACIÓN [main] org.apache.catalina.startup.VersionLoggerListener.log CATALINA_HOME:         /opt/apache-tomcat-9.0.17
02-Nov-2019 17:01:51.177 INFORMACIÓN [main] org.apache.catalina.startup.VersionLoggerListener.log Command line argument: -Djava.util.logging.config.file=/opt/apache-tomcat-9.0.17/conf/logging.properties
02-Nov-2019 17:01:51.178 INFORMACIÓN [main] org.apache.catalina.startup.VersionLoggerListener.log Command line argument: -Djava.util.logging.manager=org.apache.juli.ClassLoaderLogManager
02-Nov-2019 17:01:51.178 INFORMACIÓN [main] org.apache.catalina.startup.VersionLoggerListener.log Command line argument: -Djava.security.auth.login.config==/opt/apache-tomcat-9.0.17/conf/jaas.config
02-Nov-2019 17:01:51.179 INFORMACIÓN [main] org.apache.catalina.startup.VersionLoggerListener.log Command line argument: -Djdk.tls.ephemeralDHKeySize=2048
02-Nov-2019 17:01:51.181 INFORMACIÓN [main] org.apache.catalina.startup.VersionLoggerListener.log Command line argument: -Djava.protocol.handler.pkgs=org.apache.catalina.webresources
02-Nov-2019 17:01:51.186 INFORMACIÓN [main] org.apache.catalina.startup.VersionLoggerListener.log Command line argument: -Dorg.apache.catalina.security.SecurityListener.UMASK=0027
02-Nov-2019 17:01:51.186 INFORMACIÓN [main] org.apache.catalina.startup.VersionLoggerListener.log Command line argument: -Dignore.endorsed.dirs=
02-Nov-2019 17:01:51.186 INFORMACIÓN [main] org.apache.catalina.startup.VersionLoggerListener.log Command line argument: -Dcatalina.base=/opt/apache-tomcat-9.0.17
02-Nov-2019 17:01:51.187 INFORMACIÓN [main] org.apache.catalina.startup.VersionLoggerListener.log Command line argument: -Dcatalina.home=/opt/apache-tomcat-9.0.17
02-Nov-2019 17:01:51.188 INFORMACIÓN [main] org.apache.catalina.startup.VersionLoggerListener.log Command line argument: -Djava.io.tmpdir=/opt/apache-tomcat-9.0.17/temp
02-Nov-2019 17:01:51.188 INFORMACIÓN [main] org.apache.catalina.core.AprLifecycleListener.lifecycleEvent La biblioteca nativa de Apache Tomcat basada en ARP que permite un rendimiento óptimo en entornos de desarrollo no ha sido hallada en java.library.path: [/usr/java/packages/lib/amd64:/usr/lib/x86_64-linux-gnu/jni:/lib/x86_64-linux-gnu:/usr/lib/x86_64-linux-gnu:/usr/lib/jni:/lib:/usr/lib]
02-Nov-2019 17:01:51.572 INFORMACIÓN [main] org.apache.coyote.AbstractProtocol.init Inicializando el manejador de protocolo ["http-nio-8080"]

02-Nov-2019 17:01:51.704 INFORMACIÓN [main] org.apache.coyote.AbstractProtocol.init Inicializando el manejador de protocolo ["ajp-nio-8009"]

02-Nov-2019 17:01:51.726 INFORMACIÓN [main] org.apache.catalina.startup.Catalina.load Server initialization in [2.546] milliseconds
02-Nov-2019 17:01:51.834 INFORMACIÓN [main] org.apache.catalina.core.StandardService.startInternal Arrancando servicio [Catalina]
02-Nov-2019 17:01:51.835 INFORMACIÓN [main] org.apache.catalina.core.StandardEngine.startInternal Starting Servlet engine: [Apache Tomcat/9.0.17]
02-Nov-2019 17:01:51.842 GRAVE [main] org.apache.catalina.startup.Catalina.start Tomcat no puede iniciar porque el componente Server requerido fallo al iniciar.
 org.apache.catalina.LifecycleException: Failed to start component [JAASRealm[StandardEngine[Catalina]]]
	at org.apache.catalina.util.LifecycleBase.handleSubClassException(LifecycleBase.java:441)
	at org.apache.catalina.util.LifecycleBase.start(LifecycleBase.java:198)
	at org.apache.catalina.core.ContainerBase.startInternal(ContainerBase.java:895)
	at org.apache.catalina.core.StandardEngine.startInternal(StandardEngine.java:262)
	at org.apache.catalina.util.LifecycleBase.start(LifecycleBase.java:183)
	at org.apache.catalina.core.StandardService.startInternal(StandardService.java:423)
	at org.apache.catalina.util.LifecycleBase.start(LifecycleBase.java:183)
	at org.apache.catalina.core.StandardServer.startInternal(StandardServer.java:928)
	at org.apache.catalina.util.LifecycleBase.start(LifecycleBase.java:183)
	at org.apache.catalina.startup.Catalina.start(Catalina.java:634)
	at sun.reflect.NativeMethodAccessorImpl.invoke0(Native Method)
	at sun.reflect.NativeMethodAccessorImpl.invoke(NativeMethodAccessorImpl.java:62)
	at sun.reflect.DelegatingMethodAccessorImpl.invoke(DelegatingMethodAccessorImpl.java:43)
	at java.lang.reflect.Method.invoke(Method.java:498)
	at org.apache.catalina.startup.Bootstrap.start(Bootstrap.java:350)
	at org.apache.catalina.startup.Bootstrap.main(Bootstrap.java:492)
Caused by: java.lang.UnsupportedClassVersionError: PlainUserPrincipal has been compiled by a more recent version of the Java Runtime (class file version 57.0), this version of the Java Runtime only recognizes class file versions up to 52.0
	at java.lang.ClassLoader.defineClass1(Native Method)
	at java.lang.ClassLoader.defineClass(ClassLoader.java:763)
	at java.security.SecureClassLoader.defineClass(SecureClassLoader.java:142)
	at java.net.URLClassLoader.defineClass(URLClassLoader.java:468)
	at java.net.URLClassLoader.access$100(URLClassLoader.java:74)
	at java.net.URLClassLoader$1.run(URLClassLoader.java:369)
	at java.net.URLClassLoader$1.run(URLClassLoader.java:363)
	at java.security.AccessController.doPrivileged(Native Method)
	at java.net.URLClassLoader.findClass(URLClassLoader.java:362)
	at java.lang.ClassLoader.loadClass(ClassLoader.java:424)
	at java.lang.ClassLoader.loadClass(ClassLoader.java:357)
	at java.lang.Class.forName0(Native Method)
	at java.lang.Class.forName(Class.java:348)
	at org.apache.catalina.realm.JAASRealm.parseClassNames(JAASRealm.java:276)
	at org.apache.catalina.realm.JAASRealm.startInternal(JAASRealm.java:589)
	at org.apache.catalina.util.LifecycleBase.start(LifecycleBase.java:183)
	... 14 more

02-Nov-2019 17:01:51.849 INFORMACIÓN [main] org.apache.coyote.AbstractProtocol.pause Pausing ProtocolHandler ["http-nio-8080"]
02-Nov-2019 17:01:51.849 INFORMACIÓN [main] org.apache.coyote.AbstractProtocol.pause Pausing ProtocolHandler ["ajp-nio-8009"]
02-Nov-2019 17:01:51.850 INFORMACIÓN [main] org.apache.catalina.core.StandardService.stopInternal Parando servicio [Catalina]
02-Nov-2019 17:01:51.862 INFORMACIÓN [main] org.apache.coyote.AbstractProtocol.destroy Destroying ProtocolHandler ["http-nio-8080"]
02-Nov-2019 17:01:51.865 INFORMACIÓN [main] org.apache.coyote.AbstractProtocol.destroy Destroying ProtocolHandler ["ajp-nio-8009"]
02-Nov-2019 17:04:35.312 ADVERTENCIA [main] org.apache.tomcat.util.digester.SetPropertiesRule.begin Match [Server/Service/Engine/Realm] failed to set property [userClassName] to [PlainUserPrincipal]
02-Nov-2019 17:04:35.322 ADVERTENCIA [main] org.apache.tomcat.util.digester.SetPropertiesRule.begin Match [Server/Service/Engine/Realm] failed to set property [roleClassName] to [PlainRolePrincipal]
02-Nov-2019 17:04:35.381 INFORMACIÓN [main] org.apache.catalina.startup.VersionLoggerListener.log Nombre de la versión del servidor:   Apache Tomcat/9.0.17

02-Nov-2019 17:04:35.382 INFORMACIÓN [main] org.apache.catalina.startup.VersionLoggerListener.log Server built:          Mar 13 2019 15:55:27 UTC
02-Nov-2019 17:04:35.382 INFORMACIÓN [main] org.apache.catalina.startup.VersionLoggerListener.log Número de versión de servidor:         9.0.17.0
02-Nov-2019 17:04:35.383 INFORMACIÓN [main] org.apache.catalina.startup.VersionLoggerListener.log OS Name:               Linux
02-Nov-2019 17:04:35.386 INFORMACIÓN [main] org.apache.catalina.startup.VersionLoggerListener.log Versión de Systema Operativo:      4.9.0-8-amd64

02-Nov-2019 17:04:35.387 INFORMACIÓN [main] org.apache.catalina.startup.VersionLoggerListener.log Arquitectura:          amd64

02-Nov-2019 17:04:35.387 INFORMACIÓN [main] org.apache.catalina.startup.VersionLoggerListener.log Java Home:             /usr/lib/jvm/java-8-openjdk-amd64/jre
02-Nov-2019 17:04:35.387 INFORMACIÓN [main] org.apache.catalina.startup.VersionLoggerListener.log JVM Version:           1.8.0_222-8u222-b10-1~deb9u1-b10
02-Nov-2019 17:04:35.388 INFORMACIÓN [main] org.apache.catalina.startup.VersionLoggerListener.log Vededor JVM:     Oracle Corporation
02-Nov-2019 17:04:35.388 INFORMACIÓN [main] org.apache.catalina.startup.VersionLoggerListener.log CATALINA_BASE:         /opt/apache-tomcat-9.0.17
02-Nov-2019 17:04:35.394 INFORMACIÓN [main] org.apache.catalina.startup.VersionLoggerListener.log CATALINA_HOME:         /opt/apache-tomcat-9.0.17
02-Nov-2019 17:04:35.395 INFORMACIÓN [main] org.apache.catalina.startup.VersionLoggerListener.log Command line argument: -Djava.util.logging.config.file=/opt/apache-tomcat-9.0.17/conf/logging.properties
02-Nov-2019 17:04:35.395 INFORMACIÓN [main] org.apache.catalina.startup.VersionLoggerListener.log Command line argument: -Djava.util.logging.manager=org.apache.juli.ClassLoaderLogManager
02-Nov-2019 17:04:35.396 INFORMACIÓN [main] org.apache.catalina.startup.VersionLoggerListener.log Command line argument: -Djava.security.auth.login.config==/opt/apache-tomcat-9.0.17/conf/jaas.config
02-Nov-2019 17:04:35.397 INFORMACIÓN [main] org.apache.catalina.startup.VersionLoggerListener.log Command line argument: -Djdk.tls.ephemeralDHKeySize=2048
02-Nov-2019 17:04:35.405 INFORMACIÓN [main] org.apache.catalina.startup.VersionLoggerListener.log Command line argument: -Djava.protocol.handler.pkgs=org.apache.catalina.webresources
02-Nov-2019 17:04:35.405 INFORMACIÓN [main] org.apache.catalina.startup.VersionLoggerListener.log Command line argument: -Dorg.apache.catalina.security.SecurityListener.UMASK=0027
02-Nov-2019 17:04:35.406 INFORMACIÓN [main] org.apache.catalina.startup.VersionLoggerListener.log Command line argument: -Dignore.endorsed.dirs=
02-Nov-2019 17:04:35.406 INFORMACIÓN [main] org.apache.catalina.startup.VersionLoggerListener.log Command line argument: -Dcatalina.base=/opt/apache-tomcat-9.0.17
02-Nov-2019 17:04:35.407 INFORMACIÓN [main] org.apache.catalina.startup.VersionLoggerListener.log Command line argument: -Dcatalina.home=/opt/apache-tomcat-9.0.17
02-Nov-2019 17:04:35.407 INFORMACIÓN [main] org.apache.catalina.startup.VersionLoggerListener.log Command line argument: -Djava.io.tmpdir=/opt/apache-tomcat-9.0.17/temp
02-Nov-2019 17:04:35.407 INFORMACIÓN [main] org.apache.catalina.core.AprLifecycleListener.lifecycleEvent La biblioteca nativa de Apache Tomcat basada en ARP que permite un rendimiento óptimo en entornos de desarrollo no ha sido hallada en java.library.path: [/usr/java/packages/lib/amd64:/usr/lib/x86_64-linux-gnu/jni:/lib/x86_64-linux-gnu:/usr/lib/x86_64-linux-gnu:/usr/lib/jni:/lib:/usr/lib]
02-Nov-2019 17:04:35.675 INFORMACIÓN [main] org.apache.coyote.AbstractProtocol.init Inicializando el manejador de protocolo ["http-nio-8080"]

02-Nov-2019 17:04:35.779 INFORMACIÓN [main] org.apache.coyote.AbstractProtocol.init Inicializando el manejador de protocolo ["ajp-nio-8009"]

02-Nov-2019 17:04:35.788 INFORMACIÓN [main] org.apache.catalina.startup.Catalina.load Server initialization in [1.881] milliseconds
02-Nov-2019 17:04:35.898 INFORMACIÓN [main] org.apache.catalina.core.StandardService.startInternal Arrancando servicio [Catalina]
02-Nov-2019 17:04:35.898 INFORMACIÓN [main] org.apache.catalina.core.StandardEngine.startInternal Starting Servlet engine: [Apache Tomcat/9.0.17]
02-Nov-2019 17:04:35.905 GRAVE [main] org.apache.catalina.startup.Catalina.start Tomcat no puede iniciar porque el componente Server requerido fallo al iniciar.
 org.apache.catalina.LifecycleException: Failed to start component [JAASRealm[StandardEngine[Catalina]]]
	at org.apache.catalina.util.LifecycleBase.handleSubClassException(LifecycleBase.java:441)
	at org.apache.catalina.util.LifecycleBase.start(LifecycleBase.java:198)
	at org.apache.catalina.core.ContainerBase.startInternal(ContainerBase.java:895)
	at org.apache.catalina.core.StandardEngine.startInternal(StandardEngine.java:262)
	at org.apache.catalina.util.LifecycleBase.start(LifecycleBase.java:183)
	at org.apache.catalina.core.StandardService.startInternal(StandardService.java:423)
	at org.apache.catalina.util.LifecycleBase.start(LifecycleBase.java:183)
	at org.apache.catalina.core.StandardServer.startInternal(StandardServer.java:928)
	at org.apache.catalina.util.LifecycleBase.start(LifecycleBase.java:183)
	at org.apache.catalina.startup.Catalina.start(Catalina.java:634)
	at sun.reflect.NativeMethodAccessorImpl.invoke0(Native Method)
	at sun.reflect.NativeMethodAccessorImpl.invoke(NativeMethodAccessorImpl.java:62)
	at sun.reflect.DelegatingMethodAccessorImpl.invoke(DelegatingMethodAccessorImpl.java:43)
	at java.lang.reflect.Method.invoke(Method.java:498)
	at org.apache.catalina.startup.Bootstrap.start(Bootstrap.java:350)
	at org.apache.catalina.startup.Bootstrap.main(Bootstrap.java:492)
Caused by: java.lang.UnsupportedClassVersionError: PlainUserPrincipal has been compiled by a more recent version of the Java Runtime (class file version 57.0), this version of the Java Runtime only recognizes class file versions up to 52.0
	at java.lang.ClassLoader.defineClass1(Native Method)
	at java.lang.ClassLoader.defineClass(ClassLoader.java:763)
	at java.security.SecureClassLoader.defineClass(SecureClassLoader.java:142)
	at java.net.URLClassLoader.defineClass(URLClassLoader.java:468)
	at java.net.URLClassLoader.access$100(URLClassLoader.java:74)
	at java.net.URLClassLoader$1.run(URLClassLoader.java:369)
	at java.net.URLClassLoader$1.run(URLClassLoader.java:363)
	at java.security.AccessController.doPrivileged(Native Method)
	at java.net.URLClassLoader.findClass(URLClassLoader.java:362)
	at java.lang.ClassLoader.loadClass(ClassLoader.java:424)
	at java.lang.ClassLoader.loadClass(ClassLoader.java:357)
	at java.lang.Class.forName0(Native Method)
	at java.lang.Class.forName(Class.java:348)
	at org.apache.catalina.realm.JAASRealm.parseClassNames(JAASRealm.java:276)
	at org.apache.catalina.realm.JAASRealm.startInternal(JAASRealm.java:589)
	at org.apache.catalina.util.LifecycleBase.start(LifecycleBase.java:183)
	... 14 more

02-Nov-2019 17:04:35.914 INFORMACIÓN [main] org.apache.coyote.AbstractProtocol.pause Pausing ProtocolHandler ["http-nio-8080"]
02-Nov-2019 17:04:35.915 INFORMACIÓN [main] org.apache.coyote.AbstractProtocol.pause Pausing ProtocolHandler ["ajp-nio-8009"]
02-Nov-2019 17:04:35.915 INFORMACIÓN [main] org.apache.catalina.core.StandardService.stopInternal Parando servicio [Catalina]
02-Nov-2019 17:04:35.928 INFORMACIÓN [main] org.apache.coyote.AbstractProtocol.destroy Destroying ProtocolHandler ["http-nio-8080"]
02-Nov-2019 17:04:35.931 INFORMACIÓN [main] org.apache.coyote.AbstractProtocol.destroy Destroying ProtocolHandler ["ajp-nio-8009"]
02-Nov-2019 17:28:02.086 WARNING [main] org.apache.tomcat.util.digester.SetPropertiesRule.begin Match [Server/Service/Engine/Realm] failed to set property [userClassName] to [PlainUserPrincipal]
02-Nov-2019 17:28:02.105 WARNING [main] org.apache.tomcat.util.digester.SetPropertiesRule.begin Match [Server/Service/Engine/Realm] failed to set property [roleClassName] to [PlainRolePrincipal]
02-Nov-2019 17:28:02.208 INFO [main] org.apache.catalina.startup.VersionLoggerListener.log Nombre de la versión del servidor:   Apache Tomcat/9.0.17

02-Nov-2019 17:28:02.215 INFO [main] org.apache.catalina.startup.VersionLoggerListener.log Server built:          Mar 13 2019 15:55:27 UTC
02-Nov-2019 17:28:02.216 INFO [main] org.apache.catalina.startup.VersionLoggerListener.log Número de versión de servidor:         9.0.17.0
02-Nov-2019 17:28:02.216 INFO [main] org.apache.catalina.startup.VersionLoggerListener.log OS Name:               Linux
02-Nov-2019 17:28:02.216 INFO [main] org.apache.catalina.startup.VersionLoggerListener.log Versión de Systema Operativo:      4.9.0-8-amd64

02-Nov-2019 17:28:02.217 INFO [main] org.apache.catalina.startup.VersionLoggerListener.log Arquitectura:          amd64

02-Nov-2019 17:28:02.217 INFO [main] org.apache.catalina.startup.VersionLoggerListener.log Java Home:             /usr/lib/jvm/java-13-oracle
02-Nov-2019 17:28:02.218 INFO [main] org.apache.catalina.startup.VersionLoggerListener.log JVM Version:           13.0.1+9
02-Nov-2019 17:28:02.218 INFO [main] org.apache.catalina.startup.VersionLoggerListener.log Vededor JVM:     Oracle Corporation
02-Nov-2019 17:28:02.219 INFO [main] org.apache.catalina.startup.VersionLoggerListener.log CATALINA_BASE:         /opt/apache-tomcat-9.0.17
02-Nov-2019 17:28:02.220 INFO [main] org.apache.catalina.startup.VersionLoggerListener.log CATALINA_HOME:         /opt/apache-tomcat-9.0.17
02-Nov-2019 17:28:02.221 INFO [main] org.apache.catalina.startup.VersionLoggerListener.log Command line argument: --add-opens=java.base/java.lang=ALL-UNNAMED
02-Nov-2019 17:28:02.227 INFO [main] org.apache.catalina.startup.VersionLoggerListener.log Command line argument: --add-opens=java.base/java.io=ALL-UNNAMED
02-Nov-2019 17:28:02.228 INFO [main] org.apache.catalina.startup.VersionLoggerListener.log Command line argument: --add-opens=java.rmi/sun.rmi.transport=ALL-UNNAMED
02-Nov-2019 17:28:02.228 INFO [main] org.apache.catalina.startup.VersionLoggerListener.log Command line argument: -Djava.util.logging.config.file=/opt/apache-tomcat-9.0.17/conf/logging.properties
02-Nov-2019 17:28:02.228 INFO [main] org.apache.catalina.startup.VersionLoggerListener.log Command line argument: -Djava.util.logging.manager=org.apache.juli.ClassLoaderLogManager
02-Nov-2019 17:28:02.229 INFO [main] org.apache.catalina.startup.VersionLoggerListener.log Command line argument: -Djava.security.auth.login.config==/opt/apache-tomcat-9.0.17/conf/jaas.config
02-Nov-2019 17:28:02.229 INFO [main] org.apache.catalina.startup.VersionLoggerListener.log Command line argument: -Djdk.tls.ephemeralDHKeySize=2048
02-Nov-2019 17:28:02.229 INFO [main] org.apache.catalina.startup.VersionLoggerListener.log Command line argument: -Djava.protocol.handler.pkgs=org.apache.catalina.webresources
02-Nov-2019 17:28:02.233 INFO [main] org.apache.catalina.startup.VersionLoggerListener.log Command line argument: -Dorg.apache.catalina.security.SecurityListener.UMASK=0027
02-Nov-2019 17:28:02.233 INFO [main] org.apache.catalina.startup.VersionLoggerListener.log Command line argument: -Dignore.endorsed.dirs=
02-Nov-2019 17:28:02.234 INFO [main] org.apache.catalina.startup.VersionLoggerListener.log Command line argument: -Dcatalina.base=/opt/apache-tomcat-9.0.17
02-Nov-2019 17:28:02.234 INFO [main] org.apache.catalina.startup.VersionLoggerListener.log Command line argument: -Dcatalina.home=/opt/apache-tomcat-9.0.17
02-Nov-2019 17:28:02.234 INFO [main] org.apache.catalina.startup.VersionLoggerListener.log Command line argument: -Djava.io.tmpdir=/opt/apache-tomcat-9.0.17/temp
02-Nov-2019 17:28:02.235 INFO [main] org.apache.catalina.core.AprLifecycleListener.lifecycleEvent La biblioteca nativa de Apache Tomcat basada en ARP que permite un rendimiento óptimo en entornos de desarrollo no ha sido hallada en java.library.path: [/usr/java/packages/lib:/usr/lib64:/lib64:/lib:/usr/lib]
02-Nov-2019 17:28:02.437 INFO [main] org.apache.coyote.AbstractProtocol.init Inicializando el manejador de protocolo ["http-nio-8080"]

02-Nov-2019 17:28:02.631 INFO [main] org.apache.coyote.AbstractProtocol.init Inicializando el manejador de protocolo ["ajp-nio-8009"]

02-Nov-2019 17:28:02.655 INFO [main] org.apache.catalina.startup.Catalina.load Server initialization in [2.913] milliseconds
02-Nov-2019 17:28:02.865 INFO [main] org.apache.catalina.core.StandardService.startInternal Arrancando servicio [Catalina]
02-Nov-2019 17:28:02.872 INFO [main] org.apache.catalina.core.StandardEngine.startInternal Starting Servlet engine: [Apache Tomcat/9.0.17]
02-Nov-2019 17:28:02.925 INFO [main] org.apache.catalina.startup.HostConfig.deployDirectory Desplegando el directorio [/opt/apache-tomcat-9.0.17/webapps/IDwebapp] de la aplicación web
02-Nov-2019 17:28:05.667 INFO [main] org.apache.catalina.startup.HostConfig.deployDirectory Deployment of web application directory [/opt/apache-tomcat-9.0.17/webapps/IDwebapp] has finished in [2.741] ms
02-Nov-2019 17:28:05.669 INFO [main] org.apache.catalina.startup.HostConfig.deployDirectory Desplegando el directorio [/opt/apache-tomcat-9.0.17/webapps/manager] de la aplicación web
02-Nov-2019 17:28:06.024 INFO [main] org.apache.catalina.startup.HostConfig.deployDirectory Deployment of web application directory [/opt/apache-tomcat-9.0.17/webapps/manager] has finished in [356] ms
02-Nov-2019 17:28:06.045 INFO [main] org.apache.catalina.startup.HostConfig.deployDirectory Desplegando el directorio [/opt/apache-tomcat-9.0.17/webapps/docs] de la aplicación web
02-Nov-2019 17:28:06.288 INFO [main] org.apache.catalina.startup.HostConfig.deployDirectory Deployment of web application directory [/opt/apache-tomcat-9.0.17/webapps/docs] has finished in [243] ms
02-Nov-2019 17:28:06.317 INFO [main] org.apache.catalina.startup.HostConfig.deployDirectory Desplegando el directorio [/opt/apache-tomcat-9.0.17/webapps/host-manager] de la aplicación web
02-Nov-2019 17:28:06.677 INFO [main] org.apache.catalina.startup.HostConfig.deployDirectory Deployment of web application directory [/opt/apache-tomcat-9.0.17/webapps/host-manager] has finished in [360] ms
02-Nov-2019 17:28:06.704 INFO [main] org.apache.catalina.startup.HostConfig.deployDirectory Desplegando el directorio [/opt/apache-tomcat-9.0.17/webapps/ROOT] de la aplicación web
02-Nov-2019 17:28:07.053 INFO [main] org.apache.catalina.startup.HostConfig.deployDirectory Deployment of web application directory [/opt/apache-tomcat-9.0.17/webapps/ROOT] has finished in [349] ms
02-Nov-2019 17:28:07.087 INFO [main] org.apache.catalina.startup.HostConfig.deployDirectory Desplegando el directorio [/opt/apache-tomcat-9.0.17/webapps/examples] de la aplicación web
02-Nov-2019 17:28:09.343 INFO [main] org.apache.catalina.startup.HostConfig.deployDirectory Deployment of web application directory [/opt/apache-tomcat-9.0.17/webapps/examples] has finished in [2.256] ms
02-Nov-2019 17:28:09.381 INFO [main] org.apache.coyote.AbstractProtocol.start Starting ProtocolHandler ["http-nio-8080"]
02-Nov-2019 17:28:09.534 INFO [main] org.apache.coyote.AbstractProtocol.start Starting ProtocolHandler ["ajp-nio-8009"]
02-Nov-2019 17:28:09.620 INFO [main] org.apache.catalina.startup.Catalina.start Server startup in [6.959] milliseconds
