25-Sep-2019 12:10:31.712 ADVERTENCIA [main] org.apache.tomcat.util.digester.SetPropertiesRule.begin Match [Server/Service/Engine/Realm] failed to set property [userClassName] to [PlainUserPrincipal]
25-Sep-2019 12:10:31.735 ADVERTENCIA [main] org.apache.tomcat.util.digester.SetPropertiesRule.begin Match [Server/Service/Engine/Realm] failed to set property [roleClassName] to [PlainRolePrincipal]
25-Sep-2019 12:10:31.804 INFORMACIÓN [main] org.apache.catalina.startup.VersionLoggerListener.log Nombre de la versión del servidor:   Apache Tomcat/9.0.17

25-Sep-2019 12:10:31.807 INFORMACIÓN [main] org.apache.catalina.startup.VersionLoggerListener.log Server built:          Mar 13 2019 15:55:27 UTC
25-Sep-2019 12:10:31.808 INFORMACIÓN [main] org.apache.catalina.startup.VersionLoggerListener.log Número de versión de servidor:         9.0.17.0
25-Sep-2019 12:10:31.809 INFORMACIÓN [main] org.apache.catalina.startup.VersionLoggerListener.log OS Name:               Linux
25-Sep-2019 12:10:31.809 INFORMACIÓN [main] org.apache.catalina.startup.VersionLoggerListener.log Versión de Systema Operativo:      4.9.0-8-amd64

25-Sep-2019 12:10:31.810 INFORMACIÓN [main] org.apache.catalina.startup.VersionLoggerListener.log Arquitectura:          amd64

25-Sep-2019 12:10:31.810 INFORMACIÓN [main] org.apache.catalina.startup.VersionLoggerListener.log Java Home:             /usr/lib/jvm/java-8-openjdk-amd64/jre
25-Sep-2019 12:10:31.811 INFORMACIÓN [main] org.apache.catalina.startup.VersionLoggerListener.log JVM Version:           1.8.0_222-8u222-b10-1~deb9u1-b10
25-Sep-2019 12:10:31.811 INFORMACIÓN [main] org.apache.catalina.startup.VersionLoggerListener.log Vededor JVM:     Oracle Corporation
25-Sep-2019 12:10:31.813 INFORMACIÓN [main] org.apache.catalina.startup.VersionLoggerListener.log CATALINA_BASE:         /opt/apache-tomcat-9.0.17
25-Sep-2019 12:10:31.813 INFORMACIÓN [main] org.apache.catalina.startup.VersionLoggerListener.log CATALINA_HOME:         /opt/apache-tomcat-9.0.17
25-Sep-2019 12:10:31.814 INFORMACIÓN [main] org.apache.catalina.startup.VersionLoggerListener.log Command line argument: -Djava.util.logging.config.file=/opt/apache-tomcat-9.0.17/conf/logging.properties
25-Sep-2019 12:10:31.815 INFORMACIÓN [main] org.apache.catalina.startup.VersionLoggerListener.log Command line argument: -Djava.util.logging.manager=org.apache.juli.ClassLoaderLogManager
25-Sep-2019 12:10:31.816 INFORMACIÓN [main] org.apache.catalina.startup.VersionLoggerListener.log Command line argument: -Djava.security.auth.login.config==/opt/apache-tomcat-9.0.17/conf/jaas.config
25-Sep-2019 12:10:31.816 INFORMACIÓN [main] org.apache.catalina.startup.VersionLoggerListener.log Command line argument: -Djdk.tls.ephemeralDHKeySize=2048
25-Sep-2019 12:10:31.818 INFORMACIÓN [main] org.apache.catalina.startup.VersionLoggerListener.log Command line argument: -Djava.protocol.handler.pkgs=org.apache.catalina.webresources
25-Sep-2019 12:10:31.822 INFORMACIÓN [main] org.apache.catalina.startup.VersionLoggerListener.log Command line argument: -Dorg.apache.catalina.security.SecurityListener.UMASK=0027
25-Sep-2019 12:10:31.823 INFORMACIÓN [main] org.apache.catalina.startup.VersionLoggerListener.log Command line argument: -Dignore.endorsed.dirs=
25-Sep-2019 12:10:31.823 INFORMACIÓN [main] org.apache.catalina.startup.VersionLoggerListener.log Command line argument: -Dcatalina.base=/opt/apache-tomcat-9.0.17
25-Sep-2019 12:10:31.824 INFORMACIÓN [main] org.apache.catalina.startup.VersionLoggerListener.log Command line argument: -Dcatalina.home=/opt/apache-tomcat-9.0.17
25-Sep-2019 12:10:31.824 INFORMACIÓN [main] org.apache.catalina.startup.VersionLoggerListener.log Command line argument: -Djava.io.tmpdir=/opt/apache-tomcat-9.0.17/temp
25-Sep-2019 12:10:31.825 INFORMACIÓN [main] org.apache.catalina.core.AprLifecycleListener.lifecycleEvent La biblioteca nativa de Apache Tomcat basada en ARP que permite un rendimiento óptimo en entornos de desarrollo no ha sido hallada en java.library.path: [/usr/java/packages/lib/amd64:/usr/lib/x86_64-linux-gnu/jni:/lib/x86_64-linux-gnu:/usr/lib/x86_64-linux-gnu:/usr/lib/jni:/lib:/usr/lib]
25-Sep-2019 12:10:32.139 INFORMACIÓN [main] org.apache.coyote.AbstractProtocol.init Inicializando el manejador de protocolo ["http-nio-8080"]

25-Sep-2019 12:10:32.269 INFORMACIÓN [main] org.apache.coyote.AbstractProtocol.init Inicializando el manejador de protocolo ["ajp-nio-8009"]

25-Sep-2019 12:10:32.282 INFORMACIÓN [main] org.apache.catalina.startup.Catalina.load Server initialization in [2.313] milliseconds
25-Sep-2019 12:10:32.392 INFORMACIÓN [main] org.apache.catalina.core.StandardService.startInternal Arrancando servicio [Catalina]
25-Sep-2019 12:10:32.393 INFORMACIÓN [main] org.apache.catalina.core.StandardEngine.startInternal Starting Servlet engine: [Apache Tomcat/9.0.17]
25-Sep-2019 12:10:32.433 INFORMACIÓN [main] org.apache.catalina.startup.HostConfig.deployDirectory Desplegando el directorio [/opt/apache-tomcat-9.0.17/webapps/IDwebapp] de la aplicación web
25-Sep-2019 12:10:33.688 INFORMACIÓN [main] org.apache.catalina.startup.HostConfig.deployDirectory Deployment of web application directory [/opt/apache-tomcat-9.0.17/webapps/IDwebapp] has finished in [1.255] ms
25-Sep-2019 12:10:33.689 INFORMACIÓN [main] org.apache.catalina.startup.HostConfig.deployDirectory Desplegando el directorio [/opt/apache-tomcat-9.0.17/webapps/manager] de la aplicación web
25-Sep-2019 12:10:33.800 INFORMACIÓN [main] org.apache.catalina.startup.HostConfig.deployDirectory Deployment of web application directory [/opt/apache-tomcat-9.0.17/webapps/manager] has finished in [111] ms
25-Sep-2019 12:10:33.801 INFORMACIÓN [main] org.apache.catalina.startup.HostConfig.deployDirectory Desplegando el directorio [/opt/apache-tomcat-9.0.17/webapps/docs] de la aplicación web
25-Sep-2019 12:10:33.866 INFORMACIÓN [main] org.apache.catalina.startup.HostConfig.deployDirectory Deployment of web application directory [/opt/apache-tomcat-9.0.17/webapps/docs] has finished in [65] ms
25-Sep-2019 12:10:33.867 INFORMACIÓN [main] org.apache.catalina.startup.HostConfig.deployDirectory Desplegando el directorio [/opt/apache-tomcat-9.0.17/webapps/host-manager] de la aplicación web
25-Sep-2019 12:10:33.945 INFORMACIÓN [main] org.apache.catalina.startup.HostConfig.deployDirectory Deployment of web application directory [/opt/apache-tomcat-9.0.17/webapps/host-manager] has finished in [77] ms
25-Sep-2019 12:10:33.946 INFORMACIÓN [main] org.apache.catalina.startup.HostConfig.deployDirectory Desplegando el directorio [/opt/apache-tomcat-9.0.17/webapps/ROOT] de la aplicación web
25-Sep-2019 12:10:34.016 INFORMACIÓN [main] org.apache.catalina.startup.HostConfig.deployDirectory Deployment of web application directory [/opt/apache-tomcat-9.0.17/webapps/ROOT] has finished in [70] ms
25-Sep-2019 12:10:34.021 INFORMACIÓN [main] org.apache.catalina.startup.HostConfig.deployDirectory Desplegando el directorio [/opt/apache-tomcat-9.0.17/webapps/examples] de la aplicación web
25-Sep-2019 12:10:34.993 INFORMACIÓN [main] org.apache.catalina.startup.HostConfig.deployDirectory Deployment of web application directory [/opt/apache-tomcat-9.0.17/webapps/examples] has finished in [972] ms
25-Sep-2019 12:10:35.015 INFORMACIÓN [main] org.apache.coyote.AbstractProtocol.start Starting ProtocolHandler ["http-nio-8080"]
25-Sep-2019 12:10:35.065 INFORMACIÓN [main] org.apache.coyote.AbstractProtocol.start Starting ProtocolHandler ["ajp-nio-8009"]
25-Sep-2019 12:10:35.095 INFORMACIÓN [main] org.apache.catalina.startup.Catalina.start Server startup in [2.810] milliseconds
25-Sep-2019 12:54:48.559 INFORMACIÓN [main] org.apache.catalina.core.StandardServer.await Se ha recibido un comando de apagado a través del puerto de apagado. Parando la instancia del Servidor.
25-Sep-2019 12:54:48.562 INFORMACIÓN [main] org.apache.coyote.AbstractProtocol.pause Pausing ProtocolHandler ["http-nio-8080"]
25-Sep-2019 12:54:48.581 INFORMACIÓN [main] org.apache.coyote.AbstractProtocol.pause Pausing ProtocolHandler ["ajp-nio-8009"]
25-Sep-2019 12:54:48.584 INFORMACIÓN [main] org.apache.catalina.core.StandardService.stopInternal Parando servicio [Catalina]
25-Sep-2019 12:54:48.681 INFORMACIÓN [main] org.apache.coyote.AbstractProtocol.stop Stopping ProtocolHandler ["http-nio-8080"]
25-Sep-2019 12:54:48.695 INFORMACIÓN [main] org.apache.coyote.AbstractProtocol.stop Stopping ProtocolHandler ["ajp-nio-8009"]
25-Sep-2019 12:54:48.701 INFORMACIÓN [main] org.apache.coyote.AbstractProtocol.destroy Destroying ProtocolHandler ["http-nio-8080"]
25-Sep-2019 12:54:48.704 INFORMACIÓN [main] org.apache.coyote.AbstractProtocol.destroy Destroying ProtocolHandler ["ajp-nio-8009"]
