22-Aug-2019 00:09:31.030 INFORMACIÓN [main] org.apache.catalina.core.ApplicationContext.log ContextListener: contextInitialized()
22-Aug-2019 00:09:31.030 INFORMACIÓN [main] org.apache.catalina.core.ApplicationContext.log SessionListener: contextInitialized()
22-Aug-2019 00:09:31.032 INFORMACIÓN [main] org.apache.catalina.core.ApplicationContext.log ContextListener: attributeAdded('StockTicker', 'async.Stockticker@610db97e')
22-Aug-2019 00:09:31.121 GRAVE [main] org.apache.tomcat.util.descriptor.web.SecurityConstraint.findUncoveredHttpMethods For security constraints with URL pattern [/secure/nominas/gestion_trabajadores.jsp] only the HTTP methods [DELETE POST GET PUT] are covered. All other methods are uncovered.
22-Aug-2019 00:09:31.121 GRAVE [main] org.apache.tomcat.util.descriptor.web.SecurityConstraint.findUncoveredHttpMethods For security constraints with URL pattern [/secure/ventas/gestion_facturas.jsp] only the HTTP methods [DELETE POST GET PUT] are covered. All other methods are uncovered.
22-Aug-2019 00:09:31.121 GRAVE [main] org.apache.tomcat.util.descriptor.web.SecurityConstraint.findUncoveredHttpMethods For security constraints with URL pattern [/secure/*] only the HTTP methods [DELETE POST GET PUT] are covered. All other methods are uncovered.
22-Aug-2019 00:09:31.122 GRAVE [main] org.apache.tomcat.util.descriptor.web.SecurityConstraint.findUncoveredHttpMethods For security constraints with URL pattern [/secure/compras/autorizar_compras.jsp] only the HTTP methods [DELETE POST GET PUT] are covered. All other methods are uncovered.
22-Aug-2019 00:09:31.122 GRAVE [main] org.apache.tomcat.util.descriptor.web.SecurityConstraint.findUncoveredHttpMethods For security constraints with URL pattern [/secure/compras/gestion_proveedores.jsp] only the HTTP methods [DELETE POST GET PUT] are covered. All other methods are uncovered.
22-Aug-2019 00:09:31.122 GRAVE [main] org.apache.tomcat.util.descriptor.web.SecurityConstraint.findUncoveredHttpMethods For security constraints with URL pattern [/secure/ventas/gestion_presupuestos.jsp] only the HTTP methods [DELETE POST GET PUT] are covered. All other methods are uncovered.
22-Aug-2019 00:09:31.122 GRAVE [main] org.apache.tomcat.util.descriptor.web.SecurityConstraint.findUncoveredHttpMethods For security constraints with URL pattern [/secure/compras/gestion_compras.jsp] only the HTTP methods [DELETE POST GET PUT] are covered. All other methods are uncovered.
22-Aug-2019 00:09:31.122 GRAVE [main] org.apache.tomcat.util.descriptor.web.SecurityConstraint.findUncoveredHttpMethods For security constraints with URL pattern [/secure/nominas/gestion_nominas.jsp] only the HTTP methods [DELETE POST GET PUT] are covered. All other methods are uncovered.
22-Aug-2019 00:09:31.122 GRAVE [main] org.apache.tomcat.util.descriptor.web.SecurityConstraint.findUncoveredHttpMethods For security constraints with URL pattern [/secure/ventas/gestion_clientes.jsp] only the HTTP methods [DELETE POST GET PUT] are covered. All other methods are uncovered.
22-Aug-2019 00:13:43.960 INFORMACIÓN [main] org.apache.catalina.core.ApplicationContext.log SessionListener: contextDestroyed()
22-Aug-2019 00:13:43.960 INFORMACIÓN [main] org.apache.catalina.core.ApplicationContext.log ContextListener: contextDestroyed()
22-Aug-2019 10:16:05.392 INFORMACIÓN [main] org.apache.catalina.core.ApplicationContext.log ContextListener: contextInitialized()
22-Aug-2019 10:16:05.392 INFORMACIÓN [main] org.apache.catalina.core.ApplicationContext.log SessionListener: contextInitialized()
22-Aug-2019 10:16:05.395 INFORMACIÓN [main] org.apache.catalina.core.ApplicationContext.log ContextListener: attributeAdded('StockTicker', 'async.Stockticker@27dc79f7')
22-Aug-2019 10:16:05.490 GRAVE [main] org.apache.tomcat.util.descriptor.web.SecurityConstraint.findUncoveredHttpMethods For security constraints with URL pattern [/secure/nominas/gestion_trabajadores.jsp] only the HTTP methods [DELETE POST GET PUT] are covered. All other methods are uncovered.
22-Aug-2019 10:16:05.490 GRAVE [main] org.apache.tomcat.util.descriptor.web.SecurityConstraint.findUncoveredHttpMethods For security constraints with URL pattern [/secure/ventas/gestion_facturas.jsp] only the HTTP methods [DELETE POST GET PUT] are covered. All other methods are uncovered.
22-Aug-2019 10:16:05.491 GRAVE [main] org.apache.tomcat.util.descriptor.web.SecurityConstraint.findUncoveredHttpMethods For security constraints with URL pattern [/secure/*] only the HTTP methods [DELETE POST GET PUT] are covered. All other methods are uncovered.
22-Aug-2019 10:16:05.491 GRAVE [main] org.apache.tomcat.util.descriptor.web.SecurityConstraint.findUncoveredHttpMethods For security constraints with URL pattern [/secure/ventas/gestion_presupuestos.jsp] only the HTTP methods [DELETE POST GET PUT] are covered. All other methods are uncovered.
22-Aug-2019 10:16:05.491 GRAVE [main] org.apache.tomcat.util.descriptor.web.SecurityConstraint.findUncoveredHttpMethods For security constraints with URL pattern [/secure/compras/autorizar_compras.jsp] only the HTTP methods [DELETE POST GET PUT] are covered. All other methods are uncovered.
22-Aug-2019 10:16:05.491 GRAVE [main] org.apache.tomcat.util.descriptor.web.SecurityConstraint.findUncoveredHttpMethods For security constraints with URL pattern [/secure/compras/gestion_proveedores.jsp] only the HTTP methods [DELETE POST GET PUT] are covered. All other methods are uncovered.
22-Aug-2019 10:16:05.492 GRAVE [main] org.apache.tomcat.util.descriptor.web.SecurityConstraint.findUncoveredHttpMethods For security constraints with URL pattern [/secure/compras/gestion_compras.jsp] only the HTTP methods [DELETE POST GET PUT] are covered. All other methods are uncovered.
22-Aug-2019 10:16:05.492 GRAVE [main] org.apache.tomcat.util.descriptor.web.SecurityConstraint.findUncoveredHttpMethods For security constraints with URL pattern [/secure/nominas/gestion_nominas.jsp] only the HTTP methods [DELETE POST GET PUT] are covered. All other methods are uncovered.
22-Aug-2019 10:16:05.492 GRAVE [main] org.apache.tomcat.util.descriptor.web.SecurityConstraint.findUncoveredHttpMethods For security constraints with URL pattern [/secure/ventas/gestion_clientes.jsp] only the HTTP methods [DELETE POST GET PUT] are covered. All other methods are uncovered.
22-Aug-2019 10:19:57.918 INFORMACIÓN [main] org.apache.catalina.core.ApplicationContext.log SessionListener: contextDestroyed()
22-Aug-2019 10:19:57.918 INFORMACIÓN [main] org.apache.catalina.core.ApplicationContext.log ContextListener: contextDestroyed()
22-Aug-2019 10:20:10.814 INFORMACIÓN [main] org.apache.catalina.core.ApplicationContext.log ContextListener: contextInitialized()
22-Aug-2019 10:20:10.814 INFORMACIÓN [main] org.apache.catalina.core.ApplicationContext.log SessionListener: contextInitialized()
22-Aug-2019 10:20:10.817 INFORMACIÓN [main] org.apache.catalina.core.ApplicationContext.log ContextListener: attributeAdded('StockTicker', 'async.Stockticker@7bd69e82')
22-Aug-2019 10:20:10.923 GRAVE [main] org.apache.tomcat.util.descriptor.web.SecurityConstraint.findUncoveredHttpMethods For security constraints with URL pattern [/secure/nominas/gestion_trabajadores.jsp] only the HTTP methods [DELETE POST GET PUT] are covered. All other methods are uncovered.
22-Aug-2019 10:20:10.924 GRAVE [main] org.apache.tomcat.util.descriptor.web.SecurityConstraint.findUncoveredHttpMethods For security constraints with URL pattern [/secure/ventas/gestion_facturas.jsp] only the HTTP methods [DELETE POST GET PUT] are covered. All other methods are uncovered.
22-Aug-2019 10:20:10.924 GRAVE [main] org.apache.tomcat.util.descriptor.web.SecurityConstraint.findUncoveredHttpMethods For security constraints with URL pattern [/secure/compras/gestion_proveedores.jsp] only the HTTP methods [DELETE POST GET PUT] are covered. All other methods are uncovered.
22-Aug-2019 10:20:10.924 GRAVE [main] org.apache.tomcat.util.descriptor.web.SecurityConstraint.findUncoveredHttpMethods For security constraints with URL pattern [/secure/ventas/gestion_presupuestos.jsp] only the HTTP methods [DELETE POST GET PUT] are covered. All other methods are uncovered.
22-Aug-2019 10:20:10.925 GRAVE [main] org.apache.tomcat.util.descriptor.web.SecurityConstraint.findUncoveredHttpMethods For security constraints with URL pattern [/secure/compras/autorizar_compras.jsp] only the HTTP methods [DELETE POST GET PUT] are covered. All other methods are uncovered.
22-Aug-2019 10:20:10.925 GRAVE [main] org.apache.tomcat.util.descriptor.web.SecurityConstraint.findUncoveredHttpMethods For security constraints with URL pattern [/secure/*] only the HTTP methods [DELETE POST GET PUT] are covered. All other methods are uncovered.
22-Aug-2019 10:20:10.925 GRAVE [main] org.apache.tomcat.util.descriptor.web.SecurityConstraint.findUncoveredHttpMethods For security constraints with URL pattern [/secure/compras/gestion_compras.jsp] only the HTTP methods [DELETE POST GET PUT] are covered. All other methods are uncovered.
22-Aug-2019 10:20:10.926 GRAVE [main] org.apache.tomcat.util.descriptor.web.SecurityConstraint.findUncoveredHttpMethods For security constraints with URL pattern [/secure/nominas/gestion_nominas.jsp] only the HTTP methods [DELETE POST GET PUT] are covered. All other methods are uncovered.
22-Aug-2019 10:20:10.926 GRAVE [main] org.apache.tomcat.util.descriptor.web.SecurityConstraint.findUncoveredHttpMethods For security constraints with URL pattern [/secure/ventas/gestion_clientes.jsp] only the HTTP methods [DELETE POST GET PUT] are covered. All other methods are uncovered.
22-Aug-2019 10:28:05.136 INFORMACIÓN [main] org.apache.catalina.core.ApplicationContext.log SessionListener: contextDestroyed()
22-Aug-2019 10:28:05.136 INFORMACIÓN [main] org.apache.catalina.core.ApplicationContext.log ContextListener: contextDestroyed()
22-Aug-2019 20:35:33.248 GRAVE [main] org.apache.tomcat.util.descriptor.web.SecurityConstraint.findUncoveredHttpMethods For security constraints with URL pattern [/secure/nominas/gestion_trabajadores.jsp] only the HTTP methods [DELETE POST GET PUT] are covered. All other methods are uncovered.
22-Aug-2019 20:35:33.254 GRAVE [main] org.apache.tomcat.util.descriptor.web.SecurityConstraint.findUncoveredHttpMethods For security constraints with URL pattern [/secure/ventas/gestion_facturas.jsp] only the HTTP methods [DELETE POST GET PUT] are covered. All other methods are uncovered.
22-Aug-2019 20:35:33.254 GRAVE [main] org.apache.tomcat.util.descriptor.web.SecurityConstraint.findUncoveredHttpMethods For security constraints with URL pattern [/secure/compras/gestion_proveedores.jsp] only the HTTP methods [DELETE POST GET PUT] are covered. All other methods are uncovered.
22-Aug-2019 20:35:33.254 GRAVE [main] org.apache.tomcat.util.descriptor.web.SecurityConstraint.findUncoveredHttpMethods For security constraints with URL pattern [/secure/ventas/gestion_presupuestos.jsp] only the HTTP methods [DELETE POST GET PUT] are covered. All other methods are uncovered.
22-Aug-2019 20:35:33.255 GRAVE [main] org.apache.tomcat.util.descriptor.web.SecurityConstraint.findUncoveredHttpMethods For security constraints with URL pattern [/secure/*] only the HTTP methods [DELETE POST GET PUT] are covered. All other methods are uncovered.
22-Aug-2019 20:35:33.256 GRAVE [main] org.apache.tomcat.util.descriptor.web.SecurityConstraint.findUncoveredHttpMethods For security constraints with URL pattern [/secure/compras/autorizar_compras.jsp] only the HTTP methods [DELETE POST GET PUT] are covered. All other methods are uncovered.
22-Aug-2019 20:35:33.256 GRAVE [main] org.apache.tomcat.util.descriptor.web.SecurityConstraint.findUncoveredHttpMethods For security constraints with URL pattern [/secure/compras/gestion_compras.jsp] only the HTTP methods [DELETE POST GET PUT] are covered. All other methods are uncovered.
22-Aug-2019 20:35:33.256 GRAVE [main] org.apache.tomcat.util.descriptor.web.SecurityConstraint.findUncoveredHttpMethods For security constraints with URL pattern [/secure/nominas/gestion_nominas.jsp] only the HTTP methods [DELETE POST GET PUT] are covered. All other methods are uncovered.
22-Aug-2019 20:35:33.257 GRAVE [main] org.apache.tomcat.util.descriptor.web.SecurityConstraint.findUncoveredHttpMethods For security constraints with URL pattern [/secure/ventas/gestion_clientes.jsp] only the HTTP methods [DELETE POST GET PUT] are covered. All other methods are uncovered.
22-Aug-2019 20:35:35.119 INFORMACIÓN [main] org.apache.catalina.core.ApplicationContext.log ContextListener: contextInitialized()
22-Aug-2019 20:35:35.125 INFORMACIÓN [main] org.apache.catalina.core.ApplicationContext.log SessionListener: contextInitialized()
22-Aug-2019 20:35:35.129 INFORMACIÓN [main] org.apache.catalina.core.ApplicationContext.log ContextListener: attributeAdded('StockTicker', 'async.Stockticker@2bfc268b')
22-Aug-2019 20:49:20.653 INFORMACIÓN [main] org.apache.catalina.core.ApplicationContext.log SessionListener: contextDestroyed()
22-Aug-2019 20:49:20.653 INFORMACIÓN [main] org.apache.catalina.core.ApplicationContext.log ContextListener: contextDestroyed()
