23-Aug-2019 11:34:33.737 GRAVE [main] org.apache.tomcat.util.descriptor.web.SecurityConstraint.findUncoveredHttpMethods For security constraints with URL pattern [/secure/nominas/gestion_trabajadores.jsp] only the HTTP methods [DELETE POST GET PUT] are covered. All other methods are uncovered.
23-Aug-2019 11:34:33.746 GRAVE [main] org.apache.tomcat.util.descriptor.web.SecurityConstraint.findUncoveredHttpMethods For security constraints with URL pattern [/secure/ventas/gestion_facturas.jsp] only the HTTP methods [DELETE POST GET PUT] are covered. All other methods are uncovered.
23-Aug-2019 11:34:33.747 GRAVE [main] org.apache.tomcat.util.descriptor.web.SecurityConstraint.findUncoveredHttpMethods For security constraints with URL pattern [/secure/compras/gestion_proveedores.jsp] only the HTTP methods [DELETE POST GET PUT] are covered. All other methods are uncovered.
23-Aug-2019 11:34:33.747 GRAVE [main] org.apache.tomcat.util.descriptor.web.SecurityConstraint.findUncoveredHttpMethods For security constraints with URL pattern [/secure/ventas/gestion_presupuestos.jsp] only the HTTP methods [DELETE POST GET PUT] are covered. All other methods are uncovered.
23-Aug-2019 11:34:33.748 GRAVE [main] org.apache.tomcat.util.descriptor.web.SecurityConstraint.findUncoveredHttpMethods For security constraints with URL pattern [/secure/*] only the HTTP methods [DELETE POST GET PUT] are covered. All other methods are uncovered.
23-Aug-2019 11:34:33.756 GRAVE [main] org.apache.tomcat.util.descriptor.web.SecurityConstraint.findUncoveredHttpMethods For security constraints with URL pattern [/secure/compras/autorizar_compras.jsp] only the HTTP methods [DELETE POST GET PUT] are covered. All other methods are uncovered.
23-Aug-2019 11:34:33.757 GRAVE [main] org.apache.tomcat.util.descriptor.web.SecurityConstraint.findUncoveredHttpMethods For security constraints with URL pattern [/secure/compras/gestion_compras.jsp] only the HTTP methods [DELETE POST GET PUT] are covered. All other methods are uncovered.
23-Aug-2019 11:34:33.758 GRAVE [main] org.apache.tomcat.util.descriptor.web.SecurityConstraint.findUncoveredHttpMethods For security constraints with URL pattern [/secure/nominas/gestion_nominas.jsp] only the HTTP methods [DELETE POST GET PUT] are covered. All other methods are uncovered.
23-Aug-2019 11:34:33.758 GRAVE [main] org.apache.tomcat.util.descriptor.web.SecurityConstraint.findUncoveredHttpMethods For security constraints with URL pattern [/secure/ventas/gestion_clientes.jsp] only the HTTP methods [DELETE POST GET PUT] are covered. All other methods are uncovered.
23-Aug-2019 11:34:37.374 INFORMACIÓN [main] org.apache.catalina.core.ApplicationContext.log ContextListener: contextInitialized()
23-Aug-2019 11:34:37.377 INFORMACIÓN [main] org.apache.catalina.core.ApplicationContext.log SessionListener: contextInitialized()
23-Aug-2019 11:34:37.387 INFORMACIÓN [main] org.apache.catalina.core.ApplicationContext.log ContextListener: attributeAdded('StockTicker', 'async.Stockticker@2bfc268b')
23-Aug-2019 11:38:38.130 GRAVE [Catalina-utility-1] org.apache.tomcat.util.descriptor.web.SecurityConstraint.findUncoveredHttpMethods For security constraints with URL pattern [/secure/nominas/gestion_trabajadores.jsp] only the HTTP methods [DELETE POST GET PUT] are covered. All other methods are uncovered.
23-Aug-2019 11:38:38.136 GRAVE [Catalina-utility-1] org.apache.tomcat.util.descriptor.web.SecurityConstraint.findUncoveredHttpMethods For security constraints with URL pattern [/secure/ventas/gestion_facturas.jsp] only the HTTP methods [DELETE POST GET PUT] are covered. All other methods are uncovered.
23-Aug-2019 11:38:38.136 GRAVE [Catalina-utility-1] org.apache.tomcat.util.descriptor.web.SecurityConstraint.findUncoveredHttpMethods For security constraints with URL pattern [/secure/compras/autorizar_compras.jsp] only the HTTP methods [DELETE POST GET PUT] are covered. All other methods are uncovered.
23-Aug-2019 11:38:38.137 GRAVE [Catalina-utility-1] org.apache.tomcat.util.descriptor.web.SecurityConstraint.findUncoveredHttpMethods For security constraints with URL pattern [/secure/ventas/gestion_presupuestos.jsp] only the HTTP methods [DELETE POST GET PUT] are covered. All other methods are uncovered.
23-Aug-2019 11:38:38.137 GRAVE [Catalina-utility-1] org.apache.tomcat.util.descriptor.web.SecurityConstraint.findUncoveredHttpMethods For security constraints with URL pattern [/secure/*] only the HTTP methods [DELETE POST GET PUT] are covered. All other methods are uncovered.
23-Aug-2019 11:38:38.137 GRAVE [Catalina-utility-1] org.apache.tomcat.util.descriptor.web.SecurityConstraint.findUncoveredHttpMethods For security constraints with URL pattern [/secure/compras/gestion_proveedores.jsp] only the HTTP methods [DELETE POST GET PUT] are covered. All other methods are uncovered.
23-Aug-2019 11:38:38.138 GRAVE [Catalina-utility-1] org.apache.tomcat.util.descriptor.web.SecurityConstraint.findUncoveredHttpMethods For security constraints with URL pattern [/secure/compras/gestion_compras.jsp] only the HTTP methods [DELETE POST GET PUT] are covered. All other methods are uncovered.
23-Aug-2019 11:38:38.138 GRAVE [Catalina-utility-1] org.apache.tomcat.util.descriptor.web.SecurityConstraint.findUncoveredHttpMethods For security constraints with URL pattern [/secure/nominas/gestion_nominas.jsp] only the HTTP methods [DELETE POST GET PUT] are covered. All other methods are uncovered.
23-Aug-2019 11:38:38.138 GRAVE [Catalina-utility-1] org.apache.tomcat.util.descriptor.web.SecurityConstraint.findUncoveredHttpMethods For security constraints with URL pattern [/secure/ventas/gestion_clientes.jsp] only the HTTP methods [DELETE POST GET PUT] are covered. All other methods are uncovered.
23-Aug-2019 11:39:28.495 GRAVE [Catalina-utility-2] org.apache.tomcat.util.descriptor.web.SecurityConstraint.findUncoveredHttpMethods For security constraints with URL pattern [/secure/nominas/gestion_trabajadores.jsp] only the HTTP methods [DELETE POST GET PUT] are covered. All other methods are uncovered.
23-Aug-2019 11:39:28.497 GRAVE [Catalina-utility-2] org.apache.tomcat.util.descriptor.web.SecurityConstraint.findUncoveredHttpMethods For security constraints with URL pattern [/secure/ventas/gestion_facturas.jsp] only the HTTP methods [DELETE POST GET PUT] are covered. All other methods are uncovered.
23-Aug-2019 11:39:28.498 GRAVE [Catalina-utility-2] org.apache.tomcat.util.descriptor.web.SecurityConstraint.findUncoveredHttpMethods For security constraints with URL pattern [/secure/ventas/gestion_presupuestos.jsp] only the HTTP methods [DELETE POST GET PUT] are covered. All other methods are uncovered.
23-Aug-2019 11:39:28.498 GRAVE [Catalina-utility-2] org.apache.tomcat.util.descriptor.web.SecurityConstraint.findUncoveredHttpMethods For security constraints with URL pattern [/secure/compras/autorizar_compras.jsp] only the HTTP methods [DELETE POST GET PUT] are covered. All other methods are uncovered.
23-Aug-2019 11:39:28.501 GRAVE [Catalina-utility-2] org.apache.tomcat.util.descriptor.web.SecurityConstraint.findUncoveredHttpMethods For security constraints with URL pattern [/secure/*] only the HTTP methods [DELETE POST GET PUT] are covered. All other methods are uncovered.
23-Aug-2019 11:39:28.502 GRAVE [Catalina-utility-2] org.apache.tomcat.util.descriptor.web.SecurityConstraint.findUncoveredHttpMethods For security constraints with URL pattern [/secure/compras/gestion_proveedores.jsp] only the HTTP methods [DELETE POST GET PUT] are covered. All other methods are uncovered.
23-Aug-2019 11:39:28.502 GRAVE [Catalina-utility-2] org.apache.tomcat.util.descriptor.web.SecurityConstraint.findUncoveredHttpMethods For security constraints with URL pattern [/secure/compras/gestion_compras.jsp] only the HTTP methods [DELETE POST GET PUT] are covered. All other methods are uncovered.
23-Aug-2019 11:39:28.503 GRAVE [Catalina-utility-2] org.apache.tomcat.util.descriptor.web.SecurityConstraint.findUncoveredHttpMethods For security constraints with URL pattern [/secure/nominas/gestion_nominas.jsp] only the HTTP methods [DELETE POST GET PUT] are covered. All other methods are uncovered.
23-Aug-2019 11:39:28.506 GRAVE [Catalina-utility-2] org.apache.tomcat.util.descriptor.web.SecurityConstraint.findUncoveredHttpMethods For security constraints with URL pattern [/secure/ventas/gestion_clientes.jsp] only the HTTP methods [DELETE POST GET PUT] are covered. All other methods are uncovered.
23-Aug-2019 11:40:08.844 INFORMACIÓN [main] org.apache.catalina.core.ApplicationContext.log SessionListener: contextDestroyed()
23-Aug-2019 11:40:08.854 INFORMACIÓN [main] org.apache.catalina.core.ApplicationContext.log ContextListener: contextDestroyed()
23-Aug-2019 11:40:16.925 GRAVE [main] org.apache.tomcat.util.descriptor.web.SecurityConstraint.findUncoveredHttpMethods For security constraints with URL pattern [/secure/nominas/gestion_trabajadores.jsp] only the HTTP methods [DELETE POST GET PUT] are covered. All other methods are uncovered.
23-Aug-2019 11:40:16.927 GRAVE [main] org.apache.tomcat.util.descriptor.web.SecurityConstraint.findUncoveredHttpMethods For security constraints with URL pattern [/secure/ventas/gestion_facturas.jsp] only the HTTP methods [DELETE POST GET PUT] are covered. All other methods are uncovered.
23-Aug-2019 11:40:16.927 GRAVE [main] org.apache.tomcat.util.descriptor.web.SecurityConstraint.findUncoveredHttpMethods For security constraints with URL pattern [/secure/compras/gestion_proveedores.jsp] only the HTTP methods [DELETE POST GET PUT] are covered. All other methods are uncovered.
23-Aug-2019 11:40:16.935 GRAVE [main] org.apache.tomcat.util.descriptor.web.SecurityConstraint.findUncoveredHttpMethods For security constraints with URL pattern [/secure/ventas/gestion_presupuestos.jsp] only the HTTP methods [DELETE POST GET PUT] are covered. All other methods are uncovered.
23-Aug-2019 11:40:16.936 GRAVE [main] org.apache.tomcat.util.descriptor.web.SecurityConstraint.findUncoveredHttpMethods For security constraints with URL pattern [/secure/*] only the HTTP methods [DELETE POST GET PUT] are covered. All other methods are uncovered.
23-Aug-2019 11:40:16.937 GRAVE [main] org.apache.tomcat.util.descriptor.web.SecurityConstraint.findUncoveredHttpMethods For security constraints with URL pattern [/secure/compras/autorizar_compras.jsp] only the HTTP methods [DELETE POST GET PUT] are covered. All other methods are uncovered.
23-Aug-2019 11:40:16.937 GRAVE [main] org.apache.tomcat.util.descriptor.web.SecurityConstraint.findUncoveredHttpMethods For security constraints with URL pattern [/secure/compras/gestion_compras.jsp] only the HTTP methods [DELETE POST GET PUT] are covered. All other methods are uncovered.
23-Aug-2019 11:40:16.938 GRAVE [main] org.apache.tomcat.util.descriptor.web.SecurityConstraint.findUncoveredHttpMethods For security constraints with URL pattern [/secure/nominas/gestion_nominas.jsp] only the HTTP methods [DELETE POST GET PUT] are covered. All other methods are uncovered.
23-Aug-2019 11:40:16.938 GRAVE [main] org.apache.tomcat.util.descriptor.web.SecurityConstraint.findUncoveredHttpMethods For security constraints with URL pattern [/secure/ventas/gestion_clientes.jsp] only the HTTP methods [DELETE POST GET PUT] are covered. All other methods are uncovered.
23-Aug-2019 11:40:19.773 INFORMACIÓN [main] org.apache.catalina.core.ApplicationContext.log ContextListener: contextInitialized()
23-Aug-2019 11:40:19.779 INFORMACIÓN [main] org.apache.catalina.core.ApplicationContext.log SessionListener: contextInitialized()
23-Aug-2019 11:40:19.801 INFORMACIÓN [main] org.apache.catalina.core.ApplicationContext.log ContextListener: attributeAdded('StockTicker', 'async.Stockticker@2bfc268b')
23-Aug-2019 11:42:26.688 INFORMACIÓN [main] org.apache.catalina.core.ApplicationContext.log SessionListener: contextDestroyed()
23-Aug-2019 11:42:26.688 INFORMACIÓN [main] org.apache.catalina.core.ApplicationContext.log ContextListener: contextDestroyed()
23-Aug-2019 11:42:38.692 INFORMACIÓN [main] org.apache.catalina.core.ApplicationContext.log ContextListener: contextInitialized()
23-Aug-2019 11:42:38.702 INFORMACIÓN [main] org.apache.catalina.core.ApplicationContext.log SessionListener: contextInitialized()
23-Aug-2019 11:42:38.712 INFORMACIÓN [main] org.apache.catalina.core.ApplicationContext.log ContextListener: attributeAdded('StockTicker', 'async.Stockticker@49dc7102')
23-Aug-2019 11:43:19.132 GRAVE [Catalina-utility-2] org.apache.tomcat.util.descriptor.web.SecurityConstraint.findUncoveredHttpMethods For security constraints with URL pattern [/secure/nominas/gestion_trabajadores.jsp] only the HTTP methods [DELETE POST GET PUT] are covered. All other methods are uncovered.
23-Aug-2019 11:43:19.133 GRAVE [Catalina-utility-2] org.apache.tomcat.util.descriptor.web.SecurityConstraint.findUncoveredHttpMethods For security constraints with URL pattern [/secure/ventas/gestion_facturas.jsp] only the HTTP methods [DELETE POST GET PUT] are covered. All other methods are uncovered.
23-Aug-2019 11:43:19.133 GRAVE [Catalina-utility-2] org.apache.tomcat.util.descriptor.web.SecurityConstraint.findUncoveredHttpMethods For security constraints with URL pattern [/secure/compras/gestion_proveedores.jsp] only the HTTP methods [DELETE POST GET PUT] are covered. All other methods are uncovered.
23-Aug-2019 11:43:19.134 GRAVE [Catalina-utility-2] org.apache.tomcat.util.descriptor.web.SecurityConstraint.findUncoveredHttpMethods For security constraints with URL pattern [/secure/compras/autorizar_compras.jsp] only the HTTP methods [DELETE POST GET PUT] are covered. All other methods are uncovered.
23-Aug-2019 11:43:19.134 GRAVE [Catalina-utility-2] org.apache.tomcat.util.descriptor.web.SecurityConstraint.findUncoveredHttpMethods For security constraints with URL pattern [/secure/ventas/gestion_presupuestos.jsp] only the HTTP methods [DELETE POST GET PUT] are covered. All other methods are uncovered.
23-Aug-2019 11:43:19.135 GRAVE [Catalina-utility-2] org.apache.tomcat.util.descriptor.web.SecurityConstraint.findUncoveredHttpMethods For security constraints with URL pattern [/secure/*] only the HTTP methods [DELETE POST GET PUT] are covered. All other methods are uncovered.
23-Aug-2019 11:43:19.135 GRAVE [Catalina-utility-2] org.apache.tomcat.util.descriptor.web.SecurityConstraint.findUncoveredHttpMethods For security constraints with URL pattern [/secure/compras/gestion_compras.jsp] only the HTTP methods [DELETE POST GET PUT] are covered. All other methods are uncovered.
23-Aug-2019 11:43:19.136 GRAVE [Catalina-utility-2] org.apache.tomcat.util.descriptor.web.SecurityConstraint.findUncoveredHttpMethods For security constraints with URL pattern [/secure/nominas/gestion_nominas.jsp] only the HTTP methods [DELETE POST GET PUT] are covered. All other methods are uncovered.
23-Aug-2019 11:43:19.136 GRAVE [Catalina-utility-2] org.apache.tomcat.util.descriptor.web.SecurityConstraint.findUncoveredHttpMethods For security constraints with URL pattern [/secure/ventas/gestion_clientes.jsp] only the HTTP methods [DELETE POST GET PUT] are covered. All other methods are uncovered.
23-Aug-2019 11:43:24.916 INFORMACIÓN [main] org.apache.catalina.core.ApplicationContext.log SessionListener: contextDestroyed()
23-Aug-2019 11:43:24.916 INFORMACIÓN [main] org.apache.catalina.core.ApplicationContext.log ContextListener: contextDestroyed()
23-Aug-2019 11:43:33.084 GRAVE [main] org.apache.tomcat.util.descriptor.web.SecurityConstraint.findUncoveredHttpMethods For security constraints with URL pattern [/secure/nominas/gestion_trabajadores.jsp] only the HTTP methods [DELETE POST GET PUT] are covered. All other methods are uncovered.
23-Aug-2019 11:43:33.085 GRAVE [main] org.apache.tomcat.util.descriptor.web.SecurityConstraint.findUncoveredHttpMethods For security constraints with URL pattern [/secure/ventas/gestion_facturas.jsp] only the HTTP methods [DELETE POST GET PUT] are covered. All other methods are uncovered.
23-Aug-2019 11:43:33.085 GRAVE [main] org.apache.tomcat.util.descriptor.web.SecurityConstraint.findUncoveredHttpMethods For security constraints with URL pattern [/secure/compras/gestion_proveedores.jsp] only the HTTP methods [DELETE POST GET PUT] are covered. All other methods are uncovered.
23-Aug-2019 11:43:33.085 GRAVE [main] org.apache.tomcat.util.descriptor.web.SecurityConstraint.findUncoveredHttpMethods For security constraints with URL pattern [/secure/ventas/gestion_presupuestos.jsp] only the HTTP methods [DELETE POST GET PUT] are covered. All other methods are uncovered.
23-Aug-2019 11:43:33.086 GRAVE [main] org.apache.tomcat.util.descriptor.web.SecurityConstraint.findUncoveredHttpMethods For security constraints with URL pattern [/secure/*] only the HTTP methods [DELETE POST GET PUT] are covered. All other methods are uncovered.
23-Aug-2019 11:43:33.086 GRAVE [main] org.apache.tomcat.util.descriptor.web.SecurityConstraint.findUncoveredHttpMethods For security constraints with URL pattern [/secure/compras/autorizar_compras.jsp] only the HTTP methods [DELETE POST GET PUT] are covered. All other methods are uncovered.
23-Aug-2019 11:43:33.086 GRAVE [main] org.apache.tomcat.util.descriptor.web.SecurityConstraint.findUncoveredHttpMethods For security constraints with URL pattern [/secure/compras/gestion_compras.jsp] only the HTTP methods [DELETE POST GET PUT] are covered. All other methods are uncovered.
23-Aug-2019 11:43:33.087 GRAVE [main] org.apache.tomcat.util.descriptor.web.SecurityConstraint.findUncoveredHttpMethods For security constraints with URL pattern [/secure/nominas/gestion_nominas.jsp] only the HTTP methods [DELETE POST GET PUT] are covered. All other methods are uncovered.
23-Aug-2019 11:43:33.087 GRAVE [main] org.apache.tomcat.util.descriptor.web.SecurityConstraint.findUncoveredHttpMethods For security constraints with URL pattern [/secure/ventas/gestion_clientes.jsp] only the HTTP methods [DELETE POST GET PUT] are covered. All other methods are uncovered.
23-Aug-2019 11:43:34.484 INFORMACIÓN [main] org.apache.catalina.core.ApplicationContext.log ContextListener: contextInitialized()
23-Aug-2019 11:43:34.485 INFORMACIÓN [main] org.apache.catalina.core.ApplicationContext.log SessionListener: contextInitialized()
23-Aug-2019 11:43:34.488 INFORMACIÓN [main] org.apache.catalina.core.ApplicationContext.log ContextListener: attributeAdded('StockTicker', 'async.Stockticker@2bfc268b')
23-Aug-2019 11:48:45.699 INFORMACIÓN [main] org.apache.catalina.core.ApplicationContext.log SessionListener: contextDestroyed()
23-Aug-2019 11:48:45.703 INFORMACIÓN [main] org.apache.catalina.core.ApplicationContext.log ContextListener: contextDestroyed()
23-Aug-2019 11:48:54.730 GRAVE [main] org.apache.tomcat.util.descriptor.web.SecurityConstraint.findUncoveredHttpMethods For security constraints with URL pattern [/secure/nominas/gestion_trabajadores.jsp] only the HTTP methods [DELETE POST GET PUT] are covered. All other methods are uncovered.
23-Aug-2019 11:48:54.731 GRAVE [main] org.apache.tomcat.util.descriptor.web.SecurityConstraint.findUncoveredHttpMethods For security constraints with URL pattern [/secure/ventas/gestion_facturas.jsp] only the HTTP methods [DELETE POST GET PUT] are covered. All other methods are uncovered.
23-Aug-2019 11:48:54.732 GRAVE [main] org.apache.tomcat.util.descriptor.web.SecurityConstraint.findUncoveredHttpMethods For security constraints with URL pattern [/secure/compras/gestion_proveedores.jsp] only the HTTP methods [DELETE POST GET PUT] are covered. All other methods are uncovered.
23-Aug-2019 11:48:54.732 GRAVE [main] org.apache.tomcat.util.descriptor.web.SecurityConstraint.findUncoveredHttpMethods For security constraints with URL pattern [/secure/ventas/gestion_presupuestos.jsp] only the HTTP methods [DELETE POST GET PUT] are covered. All other methods are uncovered.
23-Aug-2019 11:48:54.733 GRAVE [main] org.apache.tomcat.util.descriptor.web.SecurityConstraint.findUncoveredHttpMethods For security constraints with URL pattern [/secure/*] only the HTTP methods [DELETE POST GET PUT] are covered. All other methods are uncovered.
23-Aug-2019 11:48:54.733 GRAVE [main] org.apache.tomcat.util.descriptor.web.SecurityConstraint.findUncoveredHttpMethods For security constraints with URL pattern [/secure/compras/autorizar_compras.jsp] only the HTTP methods [DELETE POST GET PUT] are covered. All other methods are uncovered.
23-Aug-2019 11:48:54.734 GRAVE [main] org.apache.tomcat.util.descriptor.web.SecurityConstraint.findUncoveredHttpMethods For security constraints with URL pattern [/secure/compras/gestion_compras.jsp] only the HTTP methods [DELETE POST GET PUT] are covered. All other methods are uncovered.
23-Aug-2019 11:48:54.734 GRAVE [main] org.apache.tomcat.util.descriptor.web.SecurityConstraint.findUncoveredHttpMethods For security constraints with URL pattern [/secure/nominas/gestion_nominas.jsp] only the HTTP methods [DELETE POST GET PUT] are covered. All other methods are uncovered.
23-Aug-2019 11:48:54.734 GRAVE [main] org.apache.tomcat.util.descriptor.web.SecurityConstraint.findUncoveredHttpMethods For security constraints with URL pattern [/secure/ventas/gestion_clientes.jsp] only the HTTP methods [DELETE POST GET PUT] are covered. All other methods are uncovered.
23-Aug-2019 11:48:57.021 INFORMACIÓN [main] org.apache.catalina.core.ApplicationContext.log ContextListener: contextInitialized()
23-Aug-2019 11:48:57.030 INFORMACIÓN [main] org.apache.catalina.core.ApplicationContext.log SessionListener: contextInitialized()
23-Aug-2019 11:48:57.039 INFORMACIÓN [main] org.apache.catalina.core.ApplicationContext.log ContextListener: attributeAdded('StockTicker', 'async.Stockticker@2bfc268b')
23-Aug-2019 11:50:18.943 INFORMACIÓN [main] org.apache.catalina.core.ApplicationContext.log SessionListener: contextDestroyed()
23-Aug-2019 11:50:18.943 INFORMACIÓN [main] org.apache.catalina.core.ApplicationContext.log ContextListener: contextDestroyed()
23-Aug-2019 11:50:25.374 GRAVE [main] org.apache.tomcat.util.descriptor.web.SecurityConstraint.findUncoveredHttpMethods For security constraints with URL pattern [/secure/nominas/gestion_trabajadores.jsp] only the HTTP methods [DELETE POST GET PUT] are covered. All other methods are uncovered.
23-Aug-2019 11:50:25.380 GRAVE [main] org.apache.tomcat.util.descriptor.web.SecurityConstraint.findUncoveredHttpMethods For security constraints with URL pattern [/secure/ventas/gestion_facturas.jsp] only the HTTP methods [DELETE POST GET PUT] are covered. All other methods are uncovered.
23-Aug-2019 11:50:25.380 GRAVE [main] org.apache.tomcat.util.descriptor.web.SecurityConstraint.findUncoveredHttpMethods For security constraints with URL pattern [/secure/compras/gestion_proveedores.jsp] only the HTTP methods [DELETE POST GET PUT] are covered. All other methods are uncovered.
23-Aug-2019 11:50:25.380 GRAVE [main] org.apache.tomcat.util.descriptor.web.SecurityConstraint.findUncoveredHttpMethods For security constraints with URL pattern [/secure/ventas/gestion_presupuestos.jsp] only the HTTP methods [DELETE POST GET PUT] are covered. All other methods are uncovered.
23-Aug-2019 11:50:25.381 GRAVE [main] org.apache.tomcat.util.descriptor.web.SecurityConstraint.findUncoveredHttpMethods For security constraints with URL pattern [/secure/*] only the HTTP methods [DELETE POST GET PUT] are covered. All other methods are uncovered.
23-Aug-2019 11:50:25.382 GRAVE [main] org.apache.tomcat.util.descriptor.web.SecurityConstraint.findUncoveredHttpMethods For security constraints with URL pattern [/secure/compras/autorizar_compras.jsp] only the HTTP methods [DELETE POST GET PUT] are covered. All other methods are uncovered.
23-Aug-2019 11:50:25.382 GRAVE [main] org.apache.tomcat.util.descriptor.web.SecurityConstraint.findUncoveredHttpMethods For security constraints with URL pattern [/secure/compras/gestion_compras.jsp] only the HTTP methods [DELETE POST GET PUT] are covered. All other methods are uncovered.
23-Aug-2019 11:50:25.383 GRAVE [main] org.apache.tomcat.util.descriptor.web.SecurityConstraint.findUncoveredHttpMethods For security constraints with URL pattern [/secure/nominas/gestion_nominas.jsp] only the HTTP methods [DELETE POST GET PUT] are covered. All other methods are uncovered.
23-Aug-2019 11:50:25.383 GRAVE [main] org.apache.tomcat.util.descriptor.web.SecurityConstraint.findUncoveredHttpMethods For security constraints with URL pattern [/secure/ventas/gestion_clientes.jsp] only the HTTP methods [DELETE POST GET PUT] are covered. All other methods are uncovered.
23-Aug-2019 11:50:28.061 INFORMACIÓN [main] org.apache.catalina.core.ApplicationContext.log ContextListener: contextInitialized()
23-Aug-2019 11:50:28.061 INFORMACIÓN [main] org.apache.catalina.core.ApplicationContext.log SessionListener: contextInitialized()
23-Aug-2019 11:50:28.073 INFORMACIÓN [main] org.apache.catalina.core.ApplicationContext.log ContextListener: attributeAdded('StockTicker', 'async.Stockticker@2bfc268b')
23-Aug-2019 11:53:13.156 INFORMACIÓN [main] org.apache.catalina.core.ApplicationContext.log SessionListener: contextDestroyed()
23-Aug-2019 11:53:13.157 INFORMACIÓN [main] org.apache.catalina.core.ApplicationContext.log ContextListener: contextDestroyed()
23-Aug-2019 12:16:55.504 GRAVE [main] org.apache.tomcat.util.descriptor.web.SecurityConstraint.findUncoveredHttpMethods For security constraints with URL pattern [/secure/nominas/gestion_trabajadores.jsp] only the HTTP methods [DELETE POST GET PUT] are covered. All other methods are uncovered.
23-Aug-2019 12:16:55.506 GRAVE [main] org.apache.tomcat.util.descriptor.web.SecurityConstraint.findUncoveredHttpMethods For security constraints with URL pattern [/secure/ventas/gestion_facturas.jsp] only the HTTP methods [DELETE POST GET PUT] are covered. All other methods are uncovered.
23-Aug-2019 12:16:55.506 GRAVE [main] org.apache.tomcat.util.descriptor.web.SecurityConstraint.findUncoveredHttpMethods For security constraints with URL pattern [/secure/compras/gestion_proveedores.jsp] only the HTTP methods [DELETE POST GET PUT] are covered. All other methods are uncovered.
23-Aug-2019 12:16:55.506 GRAVE [main] org.apache.tomcat.util.descriptor.web.SecurityConstraint.findUncoveredHttpMethods For security constraints with URL pattern [/secure/ventas/gestion_presupuestos.jsp] only the HTTP methods [DELETE POST GET PUT] are covered. All other methods are uncovered.
23-Aug-2019 12:16:55.507 GRAVE [main] org.apache.tomcat.util.descriptor.web.SecurityConstraint.findUncoveredHttpMethods For security constraints with URL pattern [/secure/*] only the HTTP methods [DELETE POST GET PUT] are covered. All other methods are uncovered.
23-Aug-2019 12:16:55.508 GRAVE [main] org.apache.tomcat.util.descriptor.web.SecurityConstraint.findUncoveredHttpMethods For security constraints with URL pattern [/secure/compras/autorizar_compras.jsp] only the HTTP methods [DELETE POST GET PUT] are covered. All other methods are uncovered.
23-Aug-2019 12:16:55.508 GRAVE [main] org.apache.tomcat.util.descriptor.web.SecurityConstraint.findUncoveredHttpMethods For security constraints with URL pattern [/secure/compras/gestion_compras.jsp] only the HTTP methods [DELETE POST GET PUT] are covered. All other methods are uncovered.
23-Aug-2019 12:16:55.508 GRAVE [main] org.apache.tomcat.util.descriptor.web.SecurityConstraint.findUncoveredHttpMethods For security constraints with URL pattern [/secure/nominas/gestion_nominas.jsp] only the HTTP methods [DELETE POST GET PUT] are covered. All other methods are uncovered.
23-Aug-2019 12:16:55.509 GRAVE [main] org.apache.tomcat.util.descriptor.web.SecurityConstraint.findUncoveredHttpMethods For security constraints with URL pattern [/secure/ventas/gestion_clientes.jsp] only the HTTP methods [DELETE POST GET PUT] are covered. All other methods are uncovered.
23-Aug-2019 12:16:57.153 INFORMACIÓN [main] org.apache.catalina.core.ApplicationContext.log ContextListener: contextInitialized()
23-Aug-2019 12:16:57.159 INFORMACIÓN [main] org.apache.catalina.core.ApplicationContext.log SessionListener: contextInitialized()
23-Aug-2019 12:16:57.161 INFORMACIÓN [main] org.apache.catalina.core.ApplicationContext.log ContextListener: attributeAdded('StockTicker', 'async.Stockticker@2bfc268b')
23-Aug-2019 12:19:39.604 INFORMACIÓN [main] org.apache.catalina.core.ApplicationContext.log SessionListener: contextDestroyed()
23-Aug-2019 12:19:39.611 INFORMACIÓN [main] org.apache.catalina.core.ApplicationContext.log ContextListener: contextDestroyed()
